line profiling: sample.interval=200
#File 1: ~/test.r
"is.factor" "rbind" "rbind" 1#11 "simr_naive" 
"anyDuplicated.default" "anyDuplicated" "rbind" "rbind" 1#11 "simr_naive" 
"levels" "rbind" "rbind" 1#11 "simr_naive" 
"rbind" "rbind" 1#11 "simr_naive" 
1#9 "simr_naive" 
"levels" "rbind" "rbind" 1#11 "simr_naive" 
"rbind" "rbind" 1#11 "simr_naive" 
"rbind" "rbind" 1#11 "simr_naive" 
"rbind" "rbind" 1#11 "simr_naive" 
1#9 "$" 1#9 "simr_naive" 
"rbind" "rbind" 1#11 "simr_naive" 
1#9 "$" 1#9 "simr_naive" 
"rbind" "rbind" 1#11 "simr_naive" 
"vapply" "rbind" "rbind" 1#11 "simr_naive" 
"rbind" "rbind" 1#11 "simr_naive" 
"levels" "rbind" "rbind" 1#11 "simr_naive" 
"rbind" "rbind" 1#11 "simr_naive" 
"vapply" "rbind" "rbind" 1#11 "simr_naive" 
"rbind" "rbind" 1#11 "simr_naive" 
1#9 "$" 1#9 "simr_naive" 
"rbind" "rbind" 1#11 "simr_naive" 
"rbind" "rbind" 1#11 "simr_naive" 
1#7 "$" 1#7 "simr_naive" 
1#9 "$" 1#9 "simr_naive" 
"rbind" "rbind" 1#11 "simr_naive" 
"rbind" "rbind" 1#11 "simr_naive" 
"rbind" "rbind" 1#11 "simr_naive" 
"rnorm" 1#9 "simr_naive" 
1#9 "$" 1#9 "simr_naive" 
"rbind" "rbind" 1#11 "simr_naive" 
"rbind" "rbind" 1#11 "simr_naive" 
1#7 "simr_naive" 
"is.factor" "rbind" "rbind" 1#11 "simr_naive" 
"rbind" "rbind" 1#11 "simr_naive" 
"rbind" "rbind" 1#11 "simr_naive" 
"rbind" "rbind" 1#11 "simr_naive" 
"rbind" "rbind" 1#11 "simr_naive" 
"levels" "rbind" "rbind" 1#11 "simr_naive" 
1#9 "simr_naive" 
1#7 "$" 1#7 "simr_naive" 
"rbind" "rbind" 1#11 "simr_naive" 
1#7 "rnorm" 1#7 "simr_naive" 
"rbind" "rbind" 1#11 "simr_naive" 
"rbind" "rbind" 1#11 "simr_naive" 
"anyDuplicated.default" "anyDuplicated" "rbind" "rbind" 1#11 "simr_naive" 
"rbind" "rbind" 1#11 "simr_naive" 
"rbind" "rbind" 1#11 "simr_naive" 
"rbind" "rbind" 1#11 "simr_naive" 
"rbind" "rbind" 1#11 "simr_naive" 
"rnorm" 1#7 "simr_naive" 
"names" "rbind" "rbind" 1#11 "simr_naive" 
"rbind" "rbind" 1#11 "simr_naive" 
"rbind" "rbind" 1#11 "simr_naive" 
"rbind" "rbind" 1#11 "simr_naive" 
"-" 1#7 "simr_naive" 
1#9 "$" 1#9 "simr_naive" 
"rbind" "rbind" 1#11 "simr_naive" 
"rbind" "rbind" 1#11 "simr_naive" 
"rbind" "rbind" 1#11 "simr_naive" 
"rbind" "rbind" 1#11 "simr_naive" 
"rbind" "rbind" 1#11 "simr_naive" 
"rbind" 1#11 "simr_naive" 
"rbind" "rbind" 1#11 "simr_naive" 
"names" "rbind" "rbind" 1#11 "simr_naive" 
"rbind" "rbind" 1#11 "simr_naive" 
"rbind" "rbind" 1#11 "simr_naive" 
"rbind" "rbind" 1#11 "simr_naive" 
"rbind" "rbind" 1#11 "simr_naive" 
"rbind" "rbind" 1#11 "simr_naive" 
"rbind" "rbind" 1#11 "simr_naive" 
"rbind" "rbind" 1#11 "simr_naive" 
"rbind" "rbind" 1#11 "simr_naive" 
"anyDuplicated.default" "anyDuplicated" "rbind" "rbind" 1#11 "simr_naive" 
"rbind" "rbind" 1#11 "simr_naive" 
"rbind" "rbind" 1#11 "simr_naive" 
"rbind" "rbind" 1#11 "simr_naive" 
"rbind" "rbind" 1#11 "simr_naive" 
1#7 "simr_naive" 
1#9 "simr_naive" 
1#7 "$" 1#7 "simr_naive" 
"rnorm" 1#7 "simr_naive" 
"is.factor" "rbind" "rbind" 1#11 "simr_naive" 
1#7 "simr_naive" 
"rbind" "rbind" 1#11 "simr_naive" 
"rbind" "rbind" 1#11 "simr_naive" 
"rbind" "rbind" 1#11 "simr_naive" 
"rbind" "rbind" 1#11 "simr_naive" 
"rbind" "rbind" 1#11 "simr_naive" 
1#9 "simr_naive" 
"rbind" "rbind" 1#11 "simr_naive" 
"levels" "rbind" "rbind" 1#11 "simr_naive" 
"rnorm" 1#9 "simr_naive" 
"rbind" "rbind" 1#11 "simr_naive" 
"anyDuplicated" "rbind" "rbind" 1#11 "simr_naive" 
"levels" "rbind" "rbind" 1#11 "simr_naive" 
"rbind" "rbind" 1#11 "simr_naive" 
"rnorm" 1#9 "simr_naive" 
"rbind" "rbind" 1#11 "simr_naive" 
"rnorm" 1#7 "simr_naive" 
"rbind" "rbind" 1#11 "simr_naive" 
1#7 "$" 1#7 "simr_naive" 
"rbind" "rbind" 1#11 "simr_naive" 
"rbind" "rbind" 1#11 "simr_naive" 
"rbind" "rbind" 1#11 "simr_naive" 
"rbind" "rbind" 1#11 "simr_naive" 
"rbind" "rbind" 1#11 "simr_naive" 
"rbind" "rbind" 1#11 "simr_naive" 
"rbind" "rbind" 1#11 "simr_naive" 
"rbind" "rbind" 1#11 "simr_naive" 
"FUN" "FUN" "vapply" "rbind" "rbind" 1#11 "simr_naive" 
"rbind" "rbind" 1#11 "simr_naive" 
"is.factor" "rbind" "rbind" 1#11 "simr_naive" 
"rbind" "rbind" 1#11 "simr_naive" 
"rbind" "rbind" 1#11 "simr_naive" 
"rbind" "rbind" 1#11 "simr_naive" 
"rbind" "rbind" 1#11 "simr_naive" 
1#9 "simr_naive" 
"rbind" "rbind" 1#11 "simr_naive" 
"is.data.frame" "FUN" "vapply" "rbind" "rbind" 1#11 "simr_naive" 
"rbind" "rbind" 1#11 "simr_naive" 
"is.data.frame" "FUN" "vapply" "rbind" "rbind" 1#11 "simr_naive" 
"is.data.frame" "FUN" "vapply" "rbind" "rbind" 1#11 "simr_naive" 
"rbind" "rbind" 1#11 "simr_naive" 
"rbind" "rbind" 1#11 "simr_naive" 
"rbind" "rbind" 1#11 "simr_naive" 
"rbind" "rbind" 1#11 "simr_naive" 
"is.factor" "rbind" "rbind" 1#11 "simr_naive" 
"rbind" "rbind" 1#11 "simr_naive" 
"rbind" "rbind" 1#11 "simr_naive" 
"rbind" "rbind" 1#11 "simr_naive" 
"rbind" "rbind" 1#11 "simr_naive" 
"rbind" "rbind" 1#11 "simr_naive" 
"rbind" "rbind" 1#11 "simr_naive" 
"unlist" "rbind" "rbind" 1#11 "simr_naive" 
"rbind" "rbind" 1#11 "simr_naive" 
"rbind" "rbind" 1#11 "simr_naive" 
"rbind" "rbind" 1#11 "simr_naive" 
"rbind" "rbind" 1#11 "simr_naive" 
1#9 "$" 1#9 "simr_naive" 
"rbind" "rbind" 1#11 "simr_naive" 
"rbind" "rbind" 1#11 "simr_naive" 
"rbind" "rbind" 1#11 "simr_naive" 
"rbind" "rbind" 1#11 "simr_naive" 
"is.matrix" "rbind" "rbind" 1#11 "simr_naive" 
"rbind" "rbind" 1#11 "simr_naive" 
"rbind" "rbind" 1#11 "simr_naive" 
"rbind" "rbind" 1#11 "simr_naive" 
"unlist" "rbind" "rbind" 1#11 "simr_naive" 
1#9 "$" 1#9 "simr_naive" 
"anyDuplicated.default" "anyDuplicated" "rbind" "rbind" 1#11 "simr_naive" 
"rbind" "rbind" 1#11 "simr_naive" 
1#9 "$" 1#9 "simr_naive" 
"rbind" "rbind" 1#11 "simr_naive" 
"rbind" "rbind" 1#11 "simr_naive" 
"rbind" "rbind" 1#11 "simr_naive" 
"rbind" "rbind" 1#11 "simr_naive" 
"-" 1#7 "simr_naive" 
"rbind" 1#11 "simr_naive" 
1#7 "$" 1#7 "simr_naive" 
"names" "rbind" "rbind" 1#11 "simr_naive" 
"rbind" "rbind" 1#11 "simr_naive" 
"rbind" "rbind" 1#11 "simr_naive" 
1#7 "$" 1#7 "simr_naive" 
"anyDuplicated.default" "anyDuplicated" "rbind" "rbind" 1#11 "simr_naive" 
"rbind" "rbind" 1#11 "simr_naive" 
"anyDuplicated.default" "anyDuplicated" "rbind" "rbind" 1#11 "simr_naive" 
1#7 "simr_naive" 
"rbind" "rbind" 1#11 "simr_naive" 
"levels" "rbind" "rbind" 1#11 "simr_naive" 
"rnorm" 1#7 "simr_naive" 
"rbind" "rbind" 1#11 "simr_naive" 
"rbind" "rbind" 1#11 "simr_naive" 
"rbind" "rbind" 1#11 "simr_naive" 
"rbind" "rbind" 1#11 "simr_naive" 
"rbind" "rbind" 1#11 "simr_naive" 
"rbind" "rbind" 1#11 "simr_naive" 
"rbind" "rbind" 1#11 "simr_naive" 
"rbind" "rbind" 1#11 "simr_naive" 
"rbind" "rbind" 1#11 "simr_naive" 
"rbind" "rbind" 1#11 "simr_naive" 
"rbind" "rbind" 1#11 "simr_naive" 
"rbind" "rbind" 1#11 "simr_naive" 
"rbind" "rbind" 1#11 "simr_naive" 
"rbind" "rbind" 1#11 "simr_naive" 
1#9 "simr_naive" 
"rbind" "rbind" 1#11 "simr_naive" 
"Make.row.names" "rbind" "rbind" 1#11 "simr_naive" 
"unlist" "rbind" "rbind" 1#11 "simr_naive" 
"rbind" "rbind" 1#11 "simr_naive" 
"rbind" "rbind" 1#11 "simr_naive" 
"anyDuplicated" "rbind" "rbind" 1#11 "simr_naive" 
"rbind" "rbind" 1#11 "simr_naive" 
"anyDuplicated.default" "anyDuplicated" "rbind" "rbind" 1#11 "simr_naive" 
"rbind" "rbind" 1#11 "simr_naive" 
"rbind" "rbind" 1#11 "simr_naive" 
"rbind" "rbind" 1#11 "simr_naive" 
"rbind" "rbind" 1#11 "simr_naive" 
"is.factor" "rbind" "rbind" 1#11 "simr_naive" 
"FUN" "FUN" "vapply" "rbind" "rbind" 1#11 "simr_naive" 
"rbind" "rbind" 1#11 "simr_naive" 
"rbind" "rbind" 1#11 "simr_naive" 
"rbind" "rbind" 1#11 "simr_naive" 
"rbind" "rbind" 1#11 "simr_naive" 
"rnorm" 1#7 "simr_naive" 
"character" "rbind" "rbind" 1#11 "simr_naive" 
"rbind" "rbind" 1#11 "simr_naive" 
"rbind" "rbind" 1#11 "simr_naive" 
"character" "rbind" "rbind" 1#11 "simr_naive" 
"rbind" "rbind" 1#11 "simr_naive" 
"rbind" "rbind" 1#11 "simr_naive" 
"rbind" "rbind" 1#11 "simr_naive" 
"rbind" "rbind" 1#11 "simr_naive" 
"rbind" "rbind" 1#11 "simr_naive" 
"anyDuplicated.default" "anyDuplicated" "rbind" "rbind" 1#11 "simr_naive" 
"vapply" "rbind" "rbind" 1#11 "simr_naive" 
"rbind" "rbind" 1#11 "simr_naive" 
"rbind" "rbind" 1#11 "simr_naive" 
"rbind" "rbind" 1#11 "simr_naive" 
"levels" "rbind" "rbind" 1#11 "simr_naive" 
"rbind" "rbind" 1#11 "simr_naive" 
1#9 "simr_naive" 
"rbind" "rbind" 1#11 "simr_naive" 
"rbind" "rbind" 1#11 "simr_naive" 
"levels.default" "levels" "rbind" "rbind" 1#11 "simr_naive" 
"rbind" "rbind" 1#11 "simr_naive" 
"rbind" "rbind" 1#11 "simr_naive" 
"rbind" "rbind" 1#11 "simr_naive" 
"rbind" "rbind" 1#11 "simr_naive" 
"rbind" "rbind" 1#11 "simr_naive" 
"is.ordered" "rbind" "rbind" 1#11 "simr_naive" 
"FUN" "FUN" "vapply" "rbind" "rbind" 1#11 "simr_naive" 
"rbind" "rbind" 1#11 "simr_naive" 
"rbind" "rbind" 1#11 "simr_naive" 
"rbind" "rbind" 1#11 "simr_naive" 
"rbind" "rbind" 1#11 "simr_naive" 
"rbind" "rbind" 1#11 "simr_naive" 
"rbind" "rbind" 1#11 "simr_naive" 
"rbind" "rbind" 1#11 "simr_naive" 
"rbind" "rbind" 1#11 "simr_naive" 
"rbind" "rbind" 1#11 "simr_naive" 
"unlist" "rbind" "rbind" 1#11 "simr_naive" 
"rbind" "rbind" 1#11 "simr_naive" 
"rbind" "rbind" 1#11 "simr_naive" 
"rbind" "rbind" 1#11 "simr_naive" 
"rbind" "rbind" 1#11 "simr_naive" 
"rbind" "rbind" 1#11 "simr_naive" 
"rbind" "rbind" 1#11 "simr_naive" 
"rbind" "rbind" 1#11 "simr_naive" 
"rbind" "rbind" 1#11 "simr_naive" 
"vapply" "rbind" "rbind" 1#11 "simr_naive" 
"rbind" "rbind" 1#11 "simr_naive" 
"rbind" "rbind" 1#11 "simr_naive" 
"rbind" "rbind" 1#11 "simr_naive" 
"rbind" "rbind" 1#11 "simr_naive" 
"rbind" "rbind" 1#11 "simr_naive" 
"rbind" "rbind" 1#11 "simr_naive" 
"rbind" "rbind" 1#11 "simr_naive" 
"rbind" "rbind" 1#11 "simr_naive" 
"rbind" "rbind" 1#11 "simr_naive" 
"rbind" "rbind" 1#11 "simr_naive" 
"rbind" "rbind" 1#11 "simr_naive" 
"rbind" "rbind" 1#11 "simr_naive" 
"vapply" "rbind" "rbind" 1#11 "simr_naive" 
1#7 "simr_naive" 
"rbind" "rbind" 1#11 "simr_naive" 
"rbind" "rbind" 1#11 "simr_naive" 
"rbind" "rbind" 1#11 "simr_naive" 
"is.factor" "rbind" "rbind" 1#11 "simr_naive" 
"rbind" "rbind" 1#11 "simr_naive" 
"rbind" "rbind" 1#11 "simr_naive" 
"anyDuplicated.default" "anyDuplicated" "rbind" "rbind" 1#11 "simr_naive" 
"rbind" "rbind" 1#11 "simr_naive" 
"rbind" "rbind" 1#11 "simr_naive" 
"anyDuplicated.default" "anyDuplicated" "rbind" "rbind" 1#11 "simr_naive" 
"rbind" "rbind" 1#11 "simr_naive" 
"rbind" "rbind" 1#11 "simr_naive" 
"anyDuplicated.default" "anyDuplicated" "rbind" "rbind" 1#11 "simr_naive" 
"rbind" "rbind" 1#11 "simr_naive" 
"rbind" "rbind" 1#11 "simr_naive" 
"rbind" "rbind" 1#11 "simr_naive" 
"rbind" "rbind" 1#11 "simr_naive" 
"rbind" "rbind" 1#11 "simr_naive" 
"FUN" "FUN" "vapply" "rbind" "rbind" 1#11 "simr_naive" 
"rbind" "rbind" 1#11 "simr_naive" 
"anyDuplicated.default" "anyDuplicated" "rbind" "rbind" 1#11 "simr_naive" 
1#7 "$" 1#7 "simr_naive" 
"levels" "rbind" "rbind" 1#11 "simr_naive" 
"rbind" "rbind" 1#11 "simr_naive" 
"rbind" "rbind" 1#11 "simr_naive" 
"rbind" "rbind" 1#11 "simr_naive" 
"anyDuplicated.default" "anyDuplicated" "rbind" "rbind" 1#11 "simr_naive" 
"rbind" "rbind" 1#11 "simr_naive" 
"rnorm" 1#7 "simr_naive" 
1#9 "$" 1#9 "simr_naive" 
"rbind" "rbind" 1#11 "simr_naive" 
"rbind" "rbind" 1#11 "simr_naive" 
"rbind" "rbind" 1#11 "simr_naive" 
"rbind" "rbind" 1#11 "simr_naive" 
"rbind" "rbind" 1#11 "simr_naive" 
"rbind" "rbind" 1#11 "simr_naive" 
"Make.row.names" "rbind" "rbind" 1#11 "simr_naive" 
"rbind" "rbind" 1#11 "simr_naive" 
"vapply" "rbind" "rbind" 1#11 "simr_naive" 
"anyDuplicated.default" "anyDuplicated" "rbind" "rbind" 1#11 "simr_naive" 
"rbind" "rbind" 1#11 "simr_naive" 
"anyDuplicated" "rbind" "rbind" 1#11 "simr_naive" 
"rbind" "rbind" 1#11 "simr_naive" 
"rbind" "rbind" 1#11 "simr_naive" 
"rbind" "rbind" 1#11 "simr_naive" 
"rbind" "rbind" 1#11 "simr_naive" 
"-" 1#7 "simr_naive" 
"rbind" "rbind" 1#11 "simr_naive" 
"rbind" "rbind" 1#11 "simr_naive" 
"rbind" "rbind" 1#11 "simr_naive" 
"rbind" "rbind" 1#11 "simr_naive" 
"rbind" "rbind" 1#11 "simr_naive" 
"rbind" "rbind" 1#11 "simr_naive" 
"rbind" "rbind" 1#11 "simr_naive" 
"rbind" "rbind" 1#11 "simr_naive" 
"rnorm" 1#9 "simr_naive" 
"anyDuplicated.default" "anyDuplicated" "rbind" "rbind" 1#11 "simr_naive" 
"is.matrix" "rbind" "rbind" 1#11 "simr_naive" 
"rnorm" 1#7 "simr_naive" 
"levels" "rbind" "rbind" 1#11 "simr_naive" 
"rbind" "rbind" 1#11 "simr_naive" 
"rbind" "rbind" 1#11 "simr_naive" 
"rbind" "rbind" 1#11 "simr_naive" 
"rbind" "rbind" 1#11 "simr_naive" 
"rbind" "rbind" 1#11 "simr_naive" 
"rbind" "rbind" 1#11 "simr_naive" 
"match.fun" "vapply" "rbind" "rbind" 1#11 "simr_naive" 
"rbind" "rbind" 1#11 "simr_naive" 
"rbind" "rbind" 1#11 "simr_naive" 
1#7 "simr_naive" 
"rbind" "rbind" 1#11 "simr_naive" 
"rbind" "rbind" 1#11 "simr_naive" 
"rbind" "rbind" 1#11 "simr_naive" 
"rbind" "rbind" 1#11 "simr_naive" 
"rbind" "rbind" 1#11 "simr_naive" 
"names" "rbind" "rbind" 1#11 "simr_naive" 
"rbind" "rbind" 1#11 "simr_naive" 
"unlist" "rbind" "rbind" 1#11 "simr_naive" 
"rnorm" 1#7 "simr_naive" 
1#7 "simr_naive" 
"rbind" "rbind" 1#11 "simr_naive" 
"rbind" "rbind" 1#11 "simr_naive" 
"anyDuplicated.default" "anyDuplicated" "rbind" "rbind" 1#11 "simr_naive" 
"rbind" "rbind" 1#11 "simr_naive" 
"rbind" "rbind" 1#11 "simr_naive" 
"rbind" "rbind" 1#11 "simr_naive" 
"rbind" 1#11 "simr_naive" 
"rbind" "rbind" 1#11 "simr_naive" 
"rbind" "rbind" 1#11 "simr_naive" 
"rbind" "rbind" 1#11 "simr_naive" 
"anyDuplicated.default" "anyDuplicated" "rbind" "rbind" 1#11 "simr_naive" 
"rbind" "rbind" 1#11 "simr_naive" 
"rbind" "rbind" 1#11 "simr_naive" 
"is.ordered" "rbind" "rbind" 1#19 "simr_naive" 
"rbind" "rbind" 1#19 "simr_naive" 
"rbind" "rbind" 1#19 "simr_naive" 
"rbind" "rbind" 1#19 "simr_naive" 
"rbind" "rbind" 1#19 "simr_naive" 
"rbind" "rbind" 1#19 "simr_naive" 
"rbind" "rbind" 1#19 "simr_naive" 
"rbind" "rbind" 1#19 "simr_naive" 
"rbind" "rbind" 1#19 "simr_naive" 
"rbind" "rbind" 1#19 "simr_naive" 
1#17 "simr_naive" 
"rbind" "rbind" 1#19 "simr_naive" 
"rbind" "rbind" 1#19 "simr_naive" 
"rbind" "rbind" 1#19 "simr_naive" 
"rbind" "rbind" 1#19 "simr_naive" 
"rbind" "rbind" 1#19 "simr_naive" 
"rbind" "rbind" 1#19 "simr_naive" 
"rbind" "rbind" 1#19 "simr_naive" 
"rbind" "rbind" 1#19 "simr_naive" 
"rbind" "rbind" 1#19 "simr_naive" 
1#15 "simr_naive" 
"rbind" "rbind" 1#19 "simr_naive" 
"anyDuplicated.default" "anyDuplicated" "rbind" "rbind" 1#19 "simr_naive" 
"rbind" "rbind" 1#19 "simr_naive" 
"rbind" "rbind" 1#19 "simr_naive" 
"anyDuplicated.default" "anyDuplicated" "rbind" "rbind" 1#19 "simr_naive" 
"rbind" "rbind" 1#19 "simr_naive" 
"rbind" "rbind" 1#19 "simr_naive" 
"rbind" "rbind" 1#19 "simr_naive" 
"rbind" "rbind" 1#19 "simr_naive" 
"rnorm" 1#15 "simr_naive" 
"rbind" "rbind" 1#19 "simr_naive" 
"rbind" "rbind" 1#19 "simr_naive" 
"rbind" "rbind" 1#19 "simr_naive" 
"rbind" "rbind" 1#19 "simr_naive" 
"rbind" "rbind" 1#19 "simr_naive" 
"levels" "rbind" "rbind" 1#19 "simr_naive" 
"rbind" "rbind" 1#19 "simr_naive" 
"logical" "rbind" "rbind" 1#19 "simr_naive" 
"rbind" "rbind" 1#19 "simr_naive" 
"rbind" "rbind" 1#19 "simr_naive" 
"rbind" "rbind" 1#19 "simr_naive" 
"rbind" "rbind" 1#19 "simr_naive" 
"rbind" "rbind" 1#19 "simr_naive" 
"rbind" "rbind" 1#19 "simr_naive" 
"rbind" "rbind" 1#19 "simr_naive" 
"rbind" "rbind" 1#19 "simr_naive" 
"rbind" "rbind" 1#19 "simr_naive" 
"rbind" "rbind" 1#19 "simr_naive" 
"rbind" "rbind" 1#19 "simr_naive" 
"rbind" "rbind" 1#19 "simr_naive" 
"rbind" "rbind" 1#19 "simr_naive" 
"rbind" "rbind" 1#19 "simr_naive" 
"rbind" "rbind" 1#19 "simr_naive" 
"rbind" "rbind" 1#19 "simr_naive" 
"rbind" "rbind" 1#19 "simr_naive" 
"rbind" "rbind" 1#19 "simr_naive" 
"rbind" "rbind" 1#19 "simr_naive" 
"rbind" "rbind" 1#19 "simr_naive" 
"rbind" "rbind" 1#19 "simr_naive" 
"rbind" "rbind" 1#19 "simr_naive" 
1#15 "$" 1#15 "simr_naive" 
"rbind" "rbind" 1#19 "simr_naive" 
"rbind" "rbind" 1#19 "simr_naive" 
"is.factor" "rbind" "rbind" 1#19 "simr_naive" 
"rbind" "rbind" 1#19 "simr_naive" 
"rbind" "rbind" 1#19 "simr_naive" 
"rbind" "rbind" 1#19 "simr_naive" 
"rbind" "rbind" 1#19 "simr_naive" 
"rbind" "rbind" 1#19 "simr_naive" 
"rbind" "rbind" 1#19 "simr_naive" 
"rbind" "rbind" 1#19 "simr_naive" 
"rbind" "rbind" 1#19 "simr_naive" 
"rbind" "rbind" 1#19 "simr_naive" 
"is.data.frame" "FUN" "vapply" "rbind" "rbind" 1#19 "simr_naive" 
"rbind" "rbind" 1#19 "simr_naive" 
"rbind" "rbind" 1#19 "simr_naive" 
"rbind" "rbind" 1#19 "simr_naive" 
"rbind" "rbind" 1#19 "simr_naive" 
"rbind" "rbind" 1#19 "simr_naive" 
"rbind" "rbind" 1#19 "simr_naive" 
1#15 "$" 1#15 "simr_naive" 
"names" "rbind" "rbind" 1#19 "simr_naive" 
"rbind" "rbind" 1#19 "simr_naive" 
"rnorm" 1#17 "simr_naive" 
"rbind" "rbind" 1#19 "simr_naive" 
"rbind" "rbind" 1#19 "simr_naive" 
"rbind" "rbind" 1#19 "simr_naive" 
"is.data.frame" "FUN" "vapply" "rbind" "rbind" 1#19 "simr_naive" 
"rbind" "rbind" 1#19 "simr_naive" 
"rbind" "rbind" 1#19 "simr_naive" 
1#17 "$" 1#17 "simr_naive" 
"rbind" "rbind" 1#19 "simr_naive" 
"anyDuplicated.default" "anyDuplicated" "rbind" "rbind" 1#19 "simr_naive" 
"is.data.frame" "FUN" "vapply" "rbind" "rbind" 1#19 "simr_naive" 
"anyDuplicated.default" "anyDuplicated" "rbind" "rbind" 1#19 "simr_naive" 
"anyDuplicated" "rbind" "rbind" 1#19 "simr_naive" 
"rbind" "rbind" 1#19 "simr_naive" 
"rbind" "rbind" 1#19 "simr_naive" 
"rbind" "rbind" 1#19 "simr_naive" 
"rbind" "rbind" 1#19 "simr_naive" 
"rbind" "rbind" 1#19 "simr_naive" 
"rbind" "rbind" 1#19 "simr_naive" 
"rbind" "rbind" 1#19 "simr_naive" 
"rbind" 1#19 "simr_naive" 
"rbind" "rbind" 1#19 "simr_naive" 
"rbind" "rbind" 1#19 "simr_naive" 
"rbind" "rbind" 1#19 "simr_naive" 
"rnorm" 1#17 "simr_naive" 
"rbind" "rbind" 1#19 "simr_naive" 
"rbind" "rbind" 1#19 "simr_naive" 
"rbind" "rbind" 1#19 "simr_naive" 
"rbind" "rbind" 1#19 "simr_naive" 
"rbind" "rbind" 1#19 "simr_naive" 
"rbind" "rbind" 1#19 "simr_naive" 
"rbind" "rbind" 1#19 "simr_naive" 
"rbind" "rbind" 1#19 "simr_naive" 
"rbind" "rbind" 1#19 "simr_naive" 
"rbind" "rbind" 1#19 "simr_naive" 
"rbind" "rbind" 1#19 "simr_naive" 
"rbind" "rbind" 1#19 "simr_naive" 
"rbind" "rbind" 1#19 "simr_naive" 
"rbind" "rbind" 1#19 "simr_naive" 
"rbind" "rbind" 1#19 "simr_naive" 
"is.factor" "rbind" "rbind" 1#19 "simr_naive" 
"rbind" "rbind" 1#19 "simr_naive" 
"rbind" "rbind" 1#19 "simr_naive" 
"anyDuplicated.default" "anyDuplicated" "rbind" "rbind" 1#19 "simr_naive" 
"FUN" "vapply" "rbind" "rbind" 1#19 "simr_naive" 
"FUN" "FUN" "vapply" "rbind" "rbind" 1#19 "simr_naive" 
"rbind" 1#19 "simr_naive" 
"rbind" "rbind" 1#19 "simr_naive" 
"anyDuplicated.default" "anyDuplicated" "rbind" "rbind" 1#19 "simr_naive" 
"rnorm" 1#15 "simr_naive" 
"rbind" "rbind" 1#19 "simr_naive" 
"rbind" "rbind" 1#19 "simr_naive" 
"rnorm" 1#15 "simr_naive" 
"rbind" "rbind" 1#19 "simr_naive" 
"rbind" "rbind" 1#19 "simr_naive" 
"rbind" "rbind" 1#19 "simr_naive" 
"levels" "rbind" "rbind" 1#19 "simr_naive" 
"rbind" "rbind" 1#19 "simr_naive" 
"rbind" "rbind" 1#19 "simr_naive" 
"rbind" "rbind" 1#19 "simr_naive" 
"rbind" "rbind" 1#19 "simr_naive" 
"rbind" "rbind" 1#19 "simr_naive" 
1#17 "$" 1#17 "simr_naive" 
1#15 "$" 1#15 "simr_naive" 
"rbind" "rbind" 1#19 "simr_naive" 
"rbind" "rbind" 1#19 "simr_naive" 
1#17 "$" 1#17 "simr_naive" 
"FUN" "FUN" "vapply" "rbind" "rbind" 1#19 "simr_naive" 
"rbind" "rbind" 1#19 "simr_naive" 
"rbind" "rbind" 1#19 "simr_naive" 
"rbind" "rbind" 1#19 "simr_naive" 
"rnorm" 1#17 "simr_naive" 
"rbind" "rbind" 1#19 "simr_naive" 
"rbind" "rbind" 1#19 "simr_naive" 
"rbind" "rbind" 1#19 "simr_naive" 
"rbind" "rbind" 1#19 "simr_naive" 
"anyDuplicated.default" "anyDuplicated" "rbind" "rbind" 1#19 "simr_naive" 
"-" 1#15 "simr_naive" 
"rbind" "rbind" 1#19 "simr_naive" 
"rbind" "rbind" 1#19 "simr_naive" 
"rbind" "rbind" 1#19 "simr_naive" 
"rbind" "rbind" 1#19 "simr_naive" 
"rnorm" 1#17 "simr_naive" 
"anyDuplicated.default" "anyDuplicated" "rbind" "rbind" 1#19 "simr_naive" 
"rbind" "rbind" 1#19 "simr_naive" 
"rbind" "rbind" 1#19 "simr_naive" 
"is.matrix" "rbind" "rbind" 1#19 "simr_naive" 
"names" "rbind" "rbind" 1#19 "simr_naive" 
"anyDuplicated.default" "anyDuplicated" "rbind" "rbind" 1#19 "simr_naive" 
"rbind" "rbind" 1#19 "simr_naive" 
"rbind" "rbind" 1#19 "simr_naive" 
"rbind" "rbind" 1#19 "simr_naive" 
"rbind" "rbind" 1#19 "simr_naive" 
"rbind" "rbind" 1#19 "simr_naive" 
"rbind" "rbind" 1#19 "simr_naive" 
"FUN" "FUN" "vapply" "rbind" "rbind" 1#19 "simr_naive" 
"rbind" "rbind" 1#19 "simr_naive" 
"rbind" "rbind" 1#19 "simr_naive" 
"rbind" "rbind" 1#19 "simr_naive" 
"rbind" "rbind" 1#19 "simr_naive" 
"rbind" "rbind" 1#19 "simr_naive" 
"anyDuplicated.default" "anyDuplicated" "rbind" "rbind" 1#19 "simr_naive" 
"rbind" "rbind" 1#19 "simr_naive" 
"rbind" "rbind" 1#19 "simr_naive" 
"rbind" "rbind" 1#19 "simr_naive" 
"rbind" "rbind" 1#19 "simr_naive" 
"rbind" "rbind" 1#19 "simr_naive" 
"rbind" "rbind" 1#19 "simr_naive" 
"rbind" "rbind" 1#19 "simr_naive" 
"rbind" "rbind" 1#19 "simr_naive" 
"rbind" "rbind" 1#19 "simr_naive" 
"rbind" "rbind" 1#19 "simr_naive" 
"anyDuplicated.default" "anyDuplicated" "rbind" "rbind" 1#19 "simr_naive" 
1#17 "simr_naive" 
"rbind" "rbind" 1#19 "simr_naive" 
"rbind" "rbind" 1#19 "simr_naive" 
"rbind" "rbind" 1#19 "simr_naive" 
"rbind" "rbind" 1#19 "simr_naive" 
1#17 "simr_naive" 
"rbind" "rbind" 1#19 "simr_naive" 
"rbind" "rbind" 1#19 "simr_naive" 
"rbind" "rbind" 1#19 "simr_naive" 
"rbind" "rbind" 1#19 "simr_naive" 
"rbind" "rbind" 1#19 "simr_naive" 
"rbind" "rbind" 1#19 "simr_naive" 
"rbind" "rbind" 1#19 "simr_naive" 
1#17 "simr_naive" 
"rbind" "rbind" 1#19 "simr_naive" 
"rbind" "rbind" 1#19 "simr_naive" 
"rbind" "rbind" 1#19 "simr_naive" 
"rbind" "rbind" 1#19 "simr_naive" 
"rbind" "rbind" 1#19 "simr_naive" 
"rbind" "rbind" 1#19 "simr_naive" 
"rbind" "rbind" 1#19 "simr_naive" 
"rbind" "rbind" 1#19 "simr_naive" 
"rbind" "rbind" 1#19 "simr_naive" 
"rbind" "rbind" 1#19 "simr_naive" 
"rbind" "rbind" 1#19 "simr_naive" 
"rbind" "rbind" 1#19 "simr_naive" 
"rbind" "rbind" 1#19 "simr_naive" 
"rbind" "rbind" 1#19 "simr_naive" 
"rbind" "rbind" 1#19 "simr_naive" 
"rbind" "rbind" 1#19 "simr_naive" 
"rbind" "rbind" 1#19 "simr_naive" 
"anyDuplicated.default" "anyDuplicated" "rbind" "rbind" 1#19 "simr_naive" 
"rbind" "rbind" 1#19 "simr_naive" 
"rnorm" 1#15 "simr_naive" 
"rnorm" 1#17 "simr_naive" 
"rbind" "rbind" 1#19 "simr_naive" 
"rbind" "rbind" 1#19 "simr_naive" 
"rbind" "rbind" 1#19 "simr_naive" 
"anyDuplicated.default" "anyDuplicated" "rbind" "rbind" 1#19 "simr_naive" 
"anyDuplicated.default" "anyDuplicated" "rbind" "rbind" 1#19 "simr_naive" 
"Make.row.names" "rbind" "rbind" 1#19 "simr_naive" 
"anyDuplicated.default" "anyDuplicated" "rbind" "rbind" 1#19 "simr_naive" 
"levels.default" "levels" "rbind" "rbind" 1#19 "simr_naive" 
"rbind" "rbind" 1#19 "simr_naive" 
"rbind" "rbind" 1#19 "simr_naive" 
1#15 "simr_naive" 
"rbind" "rbind" 1#19 "simr_naive" 
"rbind" "rbind" 1#19 "simr_naive" 
"rbind" "rbind" 1#19 "simr_naive" 
"rbind" "rbind" 1#19 "simr_naive" 
"rbind" "rbind" 1#19 "simr_naive" 
"rbind" "rbind" 1#19 "simr_naive" 
"rbind" "rbind" 1#19 "simr_naive" 
"rbind" "rbind" 1#19 "simr_naive" 
"levels" "rbind" "rbind" 1#19 "simr_naive" 
"rbind" "rbind" 1#19 "simr_naive" 
"rbind" "rbind" 1#19 "simr_naive" 
"rbind" "rbind" 1#19 "simr_naive" 
"rbind" "rbind" 1#19 "simr_naive" 
"is.ordered" "rbind" "rbind" 1#19 "simr_naive" 
"rbind" "rbind" 1#19 "simr_naive" 
"rbind" "rbind" 1#19 "simr_naive" 
"rbind" "rbind" 1#19 "simr_naive" 
"rbind" "rbind" 1#19 "simr_naive" 
"rbind" "rbind" 1#19 "simr_naive" 
"rbind" "rbind" 1#19 "simr_naive" 
"rbind" "rbind" 1#19 "simr_naive" 
"rbind" "rbind" 1#19 "simr_naive" 
"rbind" "rbind" 1#19 "simr_naive" 
"rbind" "rbind" 1#19 "simr_naive" 
"anyDuplicated.default" "anyDuplicated" "rbind" "rbind" 1#19 "simr_naive" 
"rbind" "rbind" 1#19 "simr_naive" 
"rbind" "rbind" 1#19 "simr_naive" 
"levels" "rbind" "rbind" 1#19 "simr_naive" 
"rbind" "rbind" 1#19 "simr_naive" 
"rbind" "rbind" 1#19 "simr_naive" 
"rbind" "rbind" 1#19 "simr_naive" 
"levels" "rbind" "rbind" 1#19 "simr_naive" 
"rbind" "rbind" 1#19 "simr_naive" 
"anyDuplicated.default" "anyDuplicated" "rbind" "rbind" 1#19 "simr_naive" 
"anyDuplicated.default" "anyDuplicated" "rbind" "rbind" 1#19 "simr_naive" 
"anyDuplicated.default" "anyDuplicated" "rbind" "rbind" 1#19 "simr_naive" 
"anyDuplicated.default" "anyDuplicated" "rbind" "rbind" 1#19 "simr_naive" 
"rbind" "rbind" 1#19 "simr_naive" 
"rbind" "rbind" 1#19 "simr_naive" 
"rbind" "rbind" 1#19 "simr_naive" 
"rbind" "rbind" 1#19 "simr_naive" 
"rbind" "rbind" 1#19 "simr_naive" 
"rnorm" 1#15 "simr_naive" 
"rbind" "rbind" 1#19 "simr_naive" 
"rbind" "rbind" 1#19 "simr_naive" 
"rbind" "rbind" 1#19 "simr_naive" 
"unlist" "rbind" "rbind" 1#19 "simr_naive" 
"rbind" "rbind" 1#19 "simr_naive" 
"rbind" "rbind" 1#19 "simr_naive" 
"rbind" "rbind" 1#19 "simr_naive" 
"unlist" "rbind" "rbind" 1#19 "simr_naive" 
"rnorm" 1#15 "simr_naive" 
"rbind" "rbind" 1#19 "simr_naive" 
"rbind" "rbind" 1#19 "simr_naive" 
"rbind" "rbind" 1#19 "simr_naive" 
"rbind" "rbind" 1#19 "simr_naive" 
"rbind" "rbind" 1#19 "simr_naive" 
"rbind" "rbind" 1#19 "simr_naive" 
"rbind" "rbind" 1#19 "simr_naive" 
"rbind" "rbind" 1#19 "simr_naive" 
"rbind" "rbind" 1#19 "simr_naive" 
"rbind" "rbind" 1#19 "simr_naive" 
"rbind" "rbind" 1#19 "simr_naive" 
"rbind" "rbind" 1#19 "simr_naive" 
"unlist" "rbind" "rbind" 1#19 "simr_naive" 
"rbind" "rbind" 1#19 "simr_naive" 
"rbind" "rbind" 1#19 "simr_naive" 
"rbind" "rbind" 1#19 "simr_naive" 
"rbind" "rbind" 1#19 "simr_naive" 
"rbind" "rbind" 1#19 "simr_naive" 
"rbind" "rbind" 1#19 "simr_naive" 
"rbind" "rbind" 1#19 "simr_naive" 
"rbind" "rbind" 1#19 "simr_naive" 
"rbind" "rbind" 1#19 "simr_naive" 
"rbind" "rbind" 1#19 "simr_naive" 
"rbind" "rbind" 1#19 "simr_naive" 
"rbind" "rbind" 1#19 "simr_naive" 
1#15 "simr_naive" 
"rbind" "rbind" 1#19 "simr_naive" 
"rbind" "rbind" 1#19 "simr_naive" 
"unlist" "rbind" "rbind" 1#19 "simr_naive" 
"rbind" "rbind" 1#19 "simr_naive" 
"rbind" "rbind" 1#19 "simr_naive" 
"rbind" "rbind" 1#19 "simr_naive" 
"rbind" "rbind" 1#19 "simr_naive" 
"rbind" "rbind" 1#19 "simr_naive" 
"rbind" "rbind" 1#19 "simr_naive" 
"anyDuplicated.default" "anyDuplicated" "rbind" "rbind" 1#19 "simr_naive" 
"rbind" "rbind" 1#19 "simr_naive" 
"rbind" "rbind" 1#19 "simr_naive" 
"is.matrix" "rbind" "rbind" 1#19 "simr_naive" 
"rbind" "rbind" 1#19 "simr_naive" 
"rbind" "rbind" 1#19 "simr_naive" 
"rbind" "rbind" 1#19 "simr_naive" 
"rbind" "rbind" 1#19 "simr_naive" 
"rbind" "rbind" 1#19 "simr_naive" 
"rbind" "rbind" 1#19 "simr_naive" 
"rbind" "rbind" 1#19 "simr_naive" 
"rbind" "rbind" 1#19 "simr_naive" 
"rbind" "rbind" 1#19 "simr_naive" 
"rbind" "rbind" 1#19 "simr_naive" 
"levels" "rbind" "rbind" 1#19 "simr_naive" 
"rbind" "rbind" 1#19 "simr_naive" 
"rbind" "rbind" 1#19 "simr_naive" 
"rbind" "rbind" 1#19 "simr_naive" 
"rbind" "rbind" 1#19 "simr_naive" 
"rbind" "rbind" 1#19 "simr_naive" 
"rbind" "rbind" 1#19 "simr_naive" 
"rbind" "rbind" 1#19 "simr_naive" 
"anyDuplicated.default" "anyDuplicated" "rbind" "rbind" 1#19 "simr_naive" 
"rbind" "rbind" 1#19 "simr_naive" 
"rbind" "rbind" 1#19 "simr_naive" 
"anyDuplicated.default" "anyDuplicated" "rbind" "rbind" 1#19 "simr_naive" 
"anyDuplicated.default" "anyDuplicated" "rbind" "rbind" 1#19 "simr_naive" 
"rbind" "rbind" 1#19 "simr_naive" 
1#17 "$" "simr_naive" 
"is.factor" "rbind" "rbind" 1#19 "simr_naive" 
1#17 "$" 1#17 "simr_naive" 
"rbind" "rbind" 1#19 "simr_naive" 
"rbind" "rbind" 1#19 "simr_naive" 
"rbind" "rbind" 1#19 "simr_naive" 
"rbind" "rbind" 1#19 "simr_naive" 
"anyDuplicated.default" "anyDuplicated" "rbind" "rbind" 1#19 "simr_naive" 
"rbind" "rbind" 1#19 "simr_naive" 
"rbind" "rbind" 1#19 "simr_naive" 
"rbind" "rbind" 1#19 "simr_naive" 
"rbind" "rbind" 1#19 "simr_naive" 
"rbind" "rbind" 1#19 "simr_naive" 
1#15 "simr_naive" 
"rbind" "rbind" 1#19 "simr_naive" 
"rbind" "rbind" 1#19 "simr_naive" 
"rbind" "rbind" 1#19 "simr_naive" 
"rbind" "rbind" 1#19 "simr_naive" 
"rbind" "rbind" 1#19 "simr_naive" 
1#17 "simr_naive" 
"anyDuplicated.default" "anyDuplicated" "rbind" "rbind" 1#19 "simr_naive" 
"rbind" "rbind" 1#19 "simr_naive" 
"rbind" "rbind" 1#19 "simr_naive" 
"rbind" "rbind" 1#19 "simr_naive" 
"rbind" "rbind" 1#19 "simr_naive" 
"rbind" "rbind" 1#19 "simr_naive" 
"anyDuplicated.default" "anyDuplicated" "rbind" "rbind" 1#19 "simr_naive" 
"rbind" "rbind" 1#19 "simr_naive" 
"rbind" "rbind" 1#19 "simr_naive" 
"rbind" "rbind" 1#19 "simr_naive" 
"rbind" "rbind" 1#19 "simr_naive" 
"rbind" "rbind" 1#19 "simr_naive" 
"rbind" "rbind" 1#19 "simr_naive" 
"unlist" "rbind" "rbind" 1#19 "simr_naive" 
"rbind" "rbind" 1#19 "simr_naive" 
"rbind" "rbind" 1#19 "simr_naive" 
"rbind" "rbind" 1#19 "simr_naive" 
"rbind" "rbind" 1#19 "simr_naive" 
"rbind" "rbind" 1#19 "simr_naive" 
"rbind" "rbind" 1#19 "simr_naive" 
"rbind" "rbind" 1#19 "simr_naive" 
"rbind" "rbind" 1#19 "simr_naive" 
"rbind" "rbind" 1#19 "simr_naive" 
"rbind" "rbind" 1#19 "simr_naive" 
"rbind" "rbind" 1#19 "simr_naive" 
"rbind" "rbind" 1#19 "simr_naive" 
"rbind" "rbind" 1#19 "simr_naive" 
"vapply" "rbind" "rbind" 1#19 "simr_naive" 
"rbind" "rbind" 1#19 "simr_naive" 
"rbind" "rbind" 1#19 "simr_naive" 
1#15 "$" 1#15 "simr_naive" 
"rbind" "rbind" 1#19 "simr_naive" 
"rbind" "rbind" 1#19 "simr_naive" 
"rbind" "rbind" 1#19 "simr_naive" 
"rbind" "rbind" 1#19 "simr_naive" 
"*" 1#15 "simr_naive" 
"rbind" "rbind" 1#19 "simr_naive" 
"rbind" "rbind" 1#19 "simr_naive" 
"anyDuplicated.default" "anyDuplicated" "rbind" "rbind" 1#19 "simr_naive" 
"rbind" "rbind" 1#19 "simr_naive" 
"rbind" "rbind" 1#19 "simr_naive" 
"rbind" "rbind" 1#19 "simr_naive" 
"rbind" "rbind" 1#19 "simr_naive" 
"rbind" "rbind" 1#19 "simr_naive" 
"rbind" "rbind" 1#19 "simr_naive" 
"rbind" "rbind" 1#19 "simr_naive" 
"rbind" "rbind" 1#19 "simr_naive" 
"rbind" "rbind" 1#19 "simr_naive" 
"rbind" "rbind" 1#19 "simr_naive" 
"rbind" "rbind" 1#19 "simr_naive" 
"rbind" "rbind" 1#19 "simr_naive" 
"rbind" "rbind" 1#19 "simr_naive" 
"rbind" "rbind" 1#19 "simr_naive" 
"rbind" "rbind" 1#19 "simr_naive" 
"anyDuplicated.default" "anyDuplicated" "rbind" "rbind" 1#19 "simr_naive" 
"rbind" "rbind" 1#19 "simr_naive" 
"unlist" "rbind" "rbind" 1#19 "simr_naive" 
"rbind" "rbind" 1#19 "simr_naive" 
"is.matrix" "rbind" "rbind" 1#19 "simr_naive" 
"rbind" "rbind" 1#19 "simr_naive" 
"rbind" "rbind" 1#19 "simr_naive" 
"rbind" "rbind" 1#19 "simr_naive" 
"rbind" "rbind" 1#19 "simr_naive" 
"rbind" "rbind" 1#19 "simr_naive" 
"rbind" "rbind" 1#19 "simr_naive" 
"rbind" "rbind" 1#19 "simr_naive" 
"rbind" "rbind" 1#19 "simr_naive" 
"rbind" "rbind" 1#19 "simr_naive" 
"rbind" "rbind" 1#19 "simr_naive" 
"rbind" "rbind" 1#19 "simr_naive" 
"rbind" "rbind" 1#19 "simr_naive" 
"anyDuplicated.default" "anyDuplicated" "rbind" "rbind" 1#19 "simr_naive" 
"rbind" "rbind" 1#19 "simr_naive" 
"rbind" "rbind" 1#19 "simr_naive" 
"rbind" "rbind" 1#19 "simr_naive" 
"rbind" 1#19 "simr_naive" 
"rbind" "rbind" 1#19 "simr_naive" 
"rbind" "rbind" 1#19 "simr_naive" 
"rbind" "rbind" 1#19 "simr_naive" 
"rbind" "rbind" 1#19 "simr_naive" 
"rbind" "rbind" 1#19 "simr_naive" 
"rbind" "rbind" 1#19 "simr_naive" 
"rbind" "rbind" 1#19 "simr_naive" 
"anyDuplicated.default" "anyDuplicated" "rbind" "rbind" 1#19 "simr_naive" 
"rbind" "rbind" 1#19 "simr_naive" 
"rbind" "rbind" 1#19 "simr_naive" 
"rbind" "rbind" 1#19 "simr_naive" 
"rbind" "rbind" 1#19 "simr_naive" 
"rbind" "rbind" 1#19 "simr_naive" 
"rbind" "rbind" 1#19 "simr_naive" 
"rbind" "rbind" 1#19 "simr_naive" 
"rbind" "rbind" 1#19 "simr_naive" 
"rbind" "rbind" 1#19 "simr_naive" 
"rnorm" 1#15 "simr_naive" 
"rbind" "rbind" 1#19 "simr_naive" 
"rbind" "rbind" 1#19 "simr_naive" 
"rbind" "rbind" 1#19 "simr_naive" 
"rbind" "rbind" 1#19 "simr_naive" 
"rbind" "rbind" 1#19 "simr_naive" 
"rbind" "rbind" 1#19 "simr_naive" 
"rbind" "rbind" 1#19 "simr_naive" 
"anyDuplicated.default" "anyDuplicated" "rbind" "rbind" 1#19 "simr_naive" 
"rbind" "rbind" 1#19 "simr_naive" 
"rbind" "rbind" 1#19 "simr_naive" 
"unlist" "rbind" "rbind" 1#19 "simr_naive" 
"rbind" "rbind" 1#19 "simr_naive" 
"rbind" "rbind" 1#19 "simr_naive" 
"logical" "rbind" "rbind" 1#19 "simr_naive" 
"rbind" "rbind" 1#19 "simr_naive" 
"rbind" "rbind" 1#19 "simr_naive" 
"rbind" "rbind" 1#19 "simr_naive" 
1#17 "simr_naive" 
"rbind" "rbind" 1#19 "simr_naive" 
"rbind" "rbind" 1#19 "simr_naive" 
"rbind" "rbind" 1#19 "simr_naive" 
"rbind" "rbind" 1#19 "simr_naive" 
"rbind" "rbind" 1#19 "simr_naive" 
"rbind" "rbind" 1#19 "simr_naive" 
"anyDuplicated.default" "anyDuplicated" "rbind" "rbind" 1#19 "simr_naive" 
"rnorm" 1#15 "simr_naive" 
"rbind" "rbind" 1#19 "simr_naive" 
"rbind" "rbind" 1#19 "simr_naive" 
"rbind" "rbind" 1#19 "simr_naive" 
"rbind" "rbind" 1#19 "simr_naive" 
"rbind" "rbind" 1#19 "simr_naive" 
"rbind" "rbind" 1#19 "simr_naive" 
"rnorm" 1#17 "simr_naive" 
"rbind" "rbind" 1#19 "simr_naive" 
"rnorm" 1#15 "simr_naive" 
"rbind" "rbind" 1#19 "simr_naive" 
"rbind" "rbind" 1#19 "simr_naive" 
"rnorm" 1#15 "simr_naive" 
1#15 "simr_naive" 
"character" "rbind" "rbind" 1#19 "simr_naive" 
"rnorm" 1#15 "simr_naive" 
1#15 "simr_naive" 
"unlist" "rbind" "rbind" 1#19 "simr_naive" 
"unlist" "rbind" "rbind" 1#19 "simr_naive" 
"unlist" "rbind" "rbind" 1#19 "simr_naive" 
"unlist" "rbind" "rbind" 1#19 "simr_naive" 
"rbind" "rbind" 1#19 "simr_naive" 
"logical" "rbind" "rbind" 1#19 "simr_naive" 
"rbind" "rbind" 1#19 "simr_naive" 
"rbind" "rbind" 1#19 "simr_naive" 
"rbind" "rbind" 1#19 "simr_naive" 
"rbind" "rbind" 1#19 "simr_naive" 
"rbind" "rbind" 1#19 "simr_naive" 
"rbind" "rbind" 1#19 "simr_naive" 
"FUN" "vapply" "rbind" "rbind" 1#19 "simr_naive" 
"rbind" "rbind" 1#19 "simr_naive" 
"rbind" "rbind" 1#19 "simr_naive" 
"rbind" "rbind" 1#19 "simr_naive" 
"anyDuplicated.default" "anyDuplicated" "rbind" "rbind" 1#19 "simr_naive" 
"rbind" "rbind" 1#19 "simr_naive" 
"rbind" "rbind" 1#19 "simr_naive" 
"rbind" "rbind" 1#19 "simr_naive" 
"is.matrix" "rbind" "rbind" 1#19 "simr_naive" 
"rbind" "rbind" 1#19 "simr_naive" 
"rnorm" 1#15 "simr_naive" 
"rnorm" 1#15 "simr_naive" 
"rnorm" 1#15 "simr_naive" 
"rnorm" 1#15 "simr_naive" 
"rbind" "rbind" 1#19 "simr_naive" 
"rbind" "rbind" 1#19 "simr_naive" 
"rbind" "rbind" 1#19 "simr_naive" 
"rbind" "rbind" 1#19 "simr_naive" 
"anyDuplicated.default" "anyDuplicated" "rbind" "rbind" 1#19 "simr_naive" 
"rbind" "rbind" 1#19 "simr_naive" 
"rbind" "rbind" 1#19 "simr_naive" 
"rbind" "rbind" 1#19 "simr_naive" 
"rbind" "rbind" 1#19 "simr_naive" 
"rbind" "rbind" 1#19 "simr_naive" 
"names" "rbind" "rbind" 1#19 "simr_naive" 
"rbind" "rbind" 1#19 "simr_naive" 
"rbind" "rbind" 1#19 "simr_naive" 
"rbind" "rbind" 1#19 "simr_naive" 
"rbind" "rbind" 1#19 "simr_naive" 
"rbind" "rbind" 1#19 "simr_naive" 
"rbind" "rbind" 1#19 "simr_naive" 
"vapply" "rbind" "rbind" 1#19 "simr_naive" 
"rbind" "rbind" 1#19 "simr_naive" 
"rbind" "rbind" 1#19 "simr_naive" 
"rbind" "rbind" 1#19 "simr_naive" 
"rbind" "rbind" 1#19 "simr_naive" 
"rbind" "rbind" 1#19 "simr_naive" 
"rbind" "rbind" 1#19 "simr_naive" 
"rbind" "rbind" 1#19 "simr_naive" 
"rbind" "rbind" 1#19 "simr_naive" 
"rbind" "rbind" 1#19 "simr_naive" 
"rbind" "rbind" 1#19 "simr_naive" 
"anyDuplicated.default" "anyDuplicated" "rbind" "rbind" 1#19 "simr_naive" 
"rbind" "rbind" 1#19 "simr_naive" 
"rbind" "rbind" 1#19 "simr_naive" 
"rbind" "rbind" 1#19 "simr_naive" 
"rnorm" 1#15 "simr_naive" 
"rbind" "rbind" 1#19 "simr_naive" 
"rbind" "rbind" 1#19 "simr_naive" 
"anyDuplicated.default" "anyDuplicated" "rbind" "rbind" 1#19 "simr_naive" 
"rbind" "rbind" 1#19 "simr_naive" 
"rbind" "rbind" 1#19 "simr_naive" 
"rbind" "rbind" 1#19 "simr_naive" 
"anyDuplicated.default" "anyDuplicated" "rbind" "rbind" 1#19 "simr_naive" 
"rbind" "rbind" 1#19 "simr_naive" 
"rbind" "rbind" 1#19 "simr_naive" 
"rbind" "rbind" 1#19 "simr_naive" 
"rbind" "rbind" 1#19 "simr_naive" 
"rbind" "rbind" 1#19 "simr_naive" 
"is.ordered" "rbind" "rbind" 1#19 "simr_naive" 
"levels.default" "levels" "rbind" "rbind" 1#19 "simr_naive" 
"rbind" "rbind" 1#19 "simr_naive" 
"rbind" "rbind" 1#19 "simr_naive" 
"anyDuplicated.default" "anyDuplicated" "rbind" "rbind" 1#19 "simr_naive" 
"rbind" "rbind" 1#19 "simr_naive" 
"rbind" "rbind" 1#19 "simr_naive" 
"rbind" "rbind" 1#19 "simr_naive" 
"FUN" "vapply" "rbind" "rbind" 1#19 "simr_naive" 
"anyDuplicated.default" "anyDuplicated" "rbind" "rbind" 1#19 "simr_naive" 
"rbind" "rbind" 1#19 "simr_naive" 
"rbind" "rbind" 1#19 "simr_naive" 
"rbind" "rbind" 1#19 "simr_naive" 
"anyDuplicated.default" "anyDuplicated" "rbind" "rbind" 1#19 "simr_naive" 
"rbind" "rbind" 1#19 "simr_naive" 
"levels" "rbind" "rbind" 1#19 "simr_naive" 
"rbind" "rbind" 1#19 "simr_naive" 
"rbind" "rbind" 1#19 "simr_naive" 
"rbind" "rbind" 1#19 "simr_naive" 
"rbind" "rbind" 1#19 "simr_naive" 
"rbind" "rbind" 1#19 "simr_naive" 
"rbind" "rbind" 1#19 "simr_naive" 
"rbind" "rbind" 1#19 "simr_naive" 
"rbind" "rbind" 1#19 "simr_naive" 
"rbind" "rbind" 1#19 "simr_naive" 
"rbind" "rbind" 1#19 "simr_naive" 
"rbind" "rbind" 1#19 "simr_naive" 
"rbind" "rbind" 1#19 "simr_naive" 
"anyDuplicated.default" "anyDuplicated" "rbind" "rbind" 1#19 "simr_naive" 
"rbind" 1#19 "simr_naive" 
"rbind" "rbind" 1#19 "simr_naive" 
"rbind" "rbind" 1#19 "simr_naive" 
"rbind" "rbind" 1#19 "simr_naive" 
"rbind" "rbind" 1#19 "simr_naive" 
1#17 "*" "simr_naive" 
"rbind" "rbind" 1#19 "simr_naive" 
"anyDuplicated.default" "anyDuplicated" "rbind" "rbind" 1#19 "simr_naive" 
"rbind" "rbind" 1#19 "simr_naive" 
"rbind" "rbind" 1#19 "simr_naive" 
"rbind" "rbind" 1#19 "simr_naive" 
"rbind" "rbind" 1#19 "simr_naive" 
"rbind" "rbind" 1#19 "simr_naive" 
"rbind" "rbind" 1#19 "simr_naive" 
"rbind" "rbind" 1#19 "simr_naive" 
"rbind" "rbind" 1#19 "simr_naive" 
"anyDuplicated.default" "anyDuplicated" "rbind" "rbind" 1#19 "simr_naive" 
"rbind" "rbind" 1#19 "simr_naive" 
"rbind" "rbind" 1#19 "simr_naive" 
"rbind" "rbind" 1#19 "simr_naive" 
"rbind" "rbind" 1#19 "simr_naive" 
"anyDuplicated.default" "anyDuplicated" "rbind" "rbind" 1#19 "simr_naive" 
"unlist" "rbind" "rbind" 1#19 "simr_naive" 
"rbind" "rbind" 1#19 "simr_naive" 
"rbind" "rbind" 1#19 "simr_naive" 
"rbind" "rbind" 1#19 "simr_naive" 
"rbind" "rbind" 1#19 "simr_naive" 
"anyDuplicated" "rbind" "rbind" 1#19 "simr_naive" 
1#15 "simr_naive" 
"levels" "rbind" "rbind" 1#19 "simr_naive" 
"rnorm" 1#17 "simr_naive" 
"rbind" "rbind" 1#19 "simr_naive" 
"rbind" "rbind" 1#19 "simr_naive" 
"rbind" "rbind" 1#19 "simr_naive" 
"rbind" "rbind" 1#19 "simr_naive" 
"rbind" "rbind" 1#19 "simr_naive" 
"rbind" "rbind" 1#19 "simr_naive" 
"rbind" "rbind" 1#19 "simr_naive" 
"rbind" "rbind" 1#19 "simr_naive" 
"rbind" "rbind" 1#19 "simr_naive" 
"rbind" "rbind" 1#19 "simr_naive" 
"rbind" "rbind" 1#19 "simr_naive" 
"rbind" "rbind" 1#19 "simr_naive" 
"rbind" "rbind" 1#19 "simr_naive" 
"levels" "rbind" "rbind" 1#19 "simr_naive" 
"rbind" "rbind" 1#19 "simr_naive" 
"rbind" "rbind" 1#19 "simr_naive" 
"rbind" "rbind" 1#19 "simr_naive" 
"anyDuplicated.default" "anyDuplicated" "rbind" "rbind" 1#19 "simr_naive" 
"rbind" "rbind" 1#19 "simr_naive" 
"rbind" "rbind" 1#19 "simr_naive" 
"rbind" "rbind" 1#19 "simr_naive" 
"rbind" "rbind" 1#19 "simr_naive" 
"rbind" "rbind" 1#19 "simr_naive" 
"rbind" "rbind" 1#19 "simr_naive" 
"rbind" "rbind" 1#19 "simr_naive" 
"rbind" "rbind" 1#19 "simr_naive" 
"rbind" "rbind" 1#19 "simr_naive" 
"rbind" "rbind" 1#19 "simr_naive" 
"rbind" "rbind" 1#19 "simr_naive" 
"rbind" "rbind" 1#19 "simr_naive" 
"rbind" "rbind" 1#19 "simr_naive" 
"rbind" "rbind" 1#19 "simr_naive" 
"rbind" "rbind" 1#19 "simr_naive" 
"rbind" "rbind" 1#19 "simr_naive" 
"anyDuplicated.default" "anyDuplicated" "rbind" "rbind" 1#19 "simr_naive" 
"rbind" "rbind" 1#19 "simr_naive" 
"anyDuplicated.default" "anyDuplicated" "rbind" "rbind" 1#19 "simr_naive" 
"anyDuplicated.default" "anyDuplicated" "rbind" "rbind" 1#19 "simr_naive" 
"rbind" "rbind" 1#19 "simr_naive" 
"anyDuplicated.default" "anyDuplicated" "rbind" "rbind" 1#19 "simr_naive" 
"rbind" "rbind" 1#19 "simr_naive" 
"rbind" "rbind" 1#19 "simr_naive" 
"rbind" "rbind" 1#19 "simr_naive" 
"rbind" "rbind" 1#19 "simr_naive" 
"rbind" "rbind" 1#19 "simr_naive" 
"rbind" "rbind" 1#19 "simr_naive" 
"rbind" "rbind" 1#19 "simr_naive" 
"rbind" "rbind" 1#19 "simr_naive" 
"rbind" "rbind" 1#19 "simr_naive" 
"rbind" "rbind" 1#19 "simr_naive" 
"rbind" "rbind" 1#19 "simr_naive" 
"rbind" "rbind" 1#19 "simr_naive" 
"rbind" "rbind" 1#19 "simr_naive" 
"rbind" "rbind" 1#19 "simr_naive" 
"rbind" "rbind" 1#19 "simr_naive" 
"rbind" "rbind" 1#19 "simr_naive" 
"rbind" "rbind" 1#19 "simr_naive" 
"rbind" "rbind" 1#19 "simr_naive" 
"rbind" "rbind" 1#19 "simr_naive" 
"rbind" "rbind" 1#19 "simr_naive" 
"rbind" "rbind" 1#19 "simr_naive" 
"rbind" "rbind" 1#19 "simr_naive" 
"rbind" "rbind" 1#19 "simr_naive" 
"rbind" "rbind" 1#19 "simr_naive" 
"anyDuplicated.default" "anyDuplicated" "rbind" "rbind" 1#19 "simr_naive" 
"rbind" "rbind" 1#19 "simr_naive" 
"rbind" "rbind" 1#19 "simr_naive" 
"rbind" "rbind" 1#19 "simr_naive" 
"rbind" "rbind" 1#19 "simr_naive" 
"rbind" "rbind" 1#19 "simr_naive" 
"rnorm" 1#17 "simr_naive" 
"unlist" "rbind" "rbind" 1#19 "simr_naive" 
"rnorm" 1#15 "simr_naive" 
"rbind" "rbind" 1#19 "simr_naive" 
"levels" "rbind" "rbind" 1#19 "simr_naive" 
"rbind" "rbind" 1#19 "simr_naive" 
"rbind" "rbind" 1#19 "simr_naive" 
"anyDuplicated.default" "anyDuplicated" "rbind" "rbind" 1#19 "simr_naive" 
"rbind" "rbind" 1#19 "simr_naive" 
"rbind" "rbind" 1#19 "simr_naive" 
"rbind" "rbind" 1#19 "simr_naive" 
"rbind" "rbind" 1#19 "simr_naive" 
"rbind" "rbind" 1#19 "simr_naive" 
"anyDuplicated.default" "anyDuplicated" "rbind" "rbind" 1#19 "simr_naive" 
"rbind" "rbind" 1#19 "simr_naive" 
"anyDuplicated.default" "anyDuplicated" "rbind" "rbind" 1#19 "simr_naive" 
"anyDuplicated.default" "anyDuplicated" "rbind" "rbind" 1#19 "simr_naive" 
"anyDuplicated.default" "anyDuplicated" "rbind" "rbind" 1#19 "simr_naive" 
"rbind" "rbind" 1#19 "simr_naive" 
"rbind" "rbind" 1#19 "simr_naive" 
"rbind" "rbind" 1#19 "simr_naive" 
"rbind" "rbind" 1#19 "simr_naive" 
"rbind" "rbind" 1#19 "simr_naive" 
"rbind" "rbind" 1#19 "simr_naive" 
"rbind" "rbind" 1#19 "simr_naive" 
"levels.default" "levels" "rbind" "rbind" 1#19 "simr_naive" 
"rbind" "rbind" 1#19 "simr_naive" 
"rbind" "rbind" 1#19 "simr_naive" 
"rbind" "rbind" 1#19 "simr_naive" 
"anyDuplicated.default" "anyDuplicated" "rbind" "rbind" 1#19 "simr_naive" 
"anyDuplicated.default" "anyDuplicated" "rbind" "rbind" 1#19 "simr_naive" 
"anyDuplicated.default" "anyDuplicated" "rbind" "rbind" 1#19 "simr_naive" 
"anyDuplicated.default" "anyDuplicated" "rbind" "rbind" 1#19 "simr_naive" 
"rbind" "rbind" 1#19 "simr_naive" 
"rbind" "rbind" 1#19 "simr_naive" 
"rbind" "rbind" 1#19 "simr_naive" 
"rbind" "rbind" 1#19 "simr_naive" 
"rbind" "rbind" 1#19 "simr_naive" 
"anyDuplicated.default" "anyDuplicated" "rbind" "rbind" 1#19 "simr_naive" 
"is.factor" "rbind" "rbind" 1#19 "simr_naive" 
"anyDuplicated.default" "anyDuplicated" "rbind" "rbind" 1#19 "simr_naive" 
"rbind" "rbind" 1#19 "simr_naive" 
"unlist" "rbind" "rbind" 1#19 "simr_naive" 
"rbind" "rbind" 1#19 "simr_naive" 
"rbind" "rbind" 1#19 "simr_naive" 
"rbind" "rbind" 1#19 "simr_naive" 
"rbind" "rbind" 1#19 "simr_naive" 
"rbind" "rbind" 1#19 "simr_naive" 
1#15 "simr_naive" 
"rbind" "rbind" 1#19 "simr_naive" 
"rbind" "rbind" 1#19 "simr_naive" 
"rbind" "rbind" 1#19 "simr_naive" 
"rbind" "rbind" 1#19 "simr_naive" 
"rnorm" 1#17 "simr_naive" 
"rbind" "rbind" 1#19 "simr_naive" 
1#19 "rbind" 1#19 "simr_naive" 
"rbind" "rbind" 1#19 "simr_naive" 
"rbind" "rbind" 1#19 "simr_naive" 
"rbind" "rbind" 1#19 "simr_naive" 
"rbind" "rbind" 1#19 "simr_naive" 
"rbind" "rbind" 1#19 "simr_naive" 
"rbind" "rbind" 1#19 "simr_naive" 
"rbind" "rbind" 1#19 "simr_naive" 
"rbind" "rbind" 1#19 "simr_naive" 
"rbind" "rbind" 1#19 "simr_naive" 
"rbind" "rbind" 1#19 "simr_naive" 
"rbind" "rbind" 1#19 "simr_naive" 
"rbind" "rbind" 1#19 "simr_naive" 
"rbind" "rbind" 1#19 "simr_naive" 
"rbind" "rbind" 1#19 "simr_naive" 
"rbind" "rbind" 1#19 "simr_naive" 
"rbind" "rbind" 1#19 "simr_naive" 
"anyDuplicated.default" "anyDuplicated" "rbind" "rbind" 1#19 "simr_naive" 
"anyDuplicated.default" "anyDuplicated" "rbind" "rbind" 1#19 "simr_naive" 
"anyDuplicated.default" "anyDuplicated" "rbind" "rbind" 1#19 "simr_naive" 
"rbind" "rbind" 1#19 "simr_naive" 
"match.fun" "vapply" "rbind" "rbind" 1#19 "simr_naive" 
"rbind" "rbind" 1#19 "simr_naive" 
"anyDuplicated.default" "anyDuplicated" "rbind" "rbind" 1#19 "simr_naive" 
1#17 "simr_naive" 
"rbind" "rbind" 1#19 "simr_naive" 
"rnorm" 1#15 "simr_naive" 
"rbind" "rbind" 1#19 "simr_naive" 
"rbind" "rbind" 1#19 "simr_naive" 
"rbind" "rbind" 1#19 "simr_naive" 
"rbind" "rbind" 1#19 "simr_naive" 
"rbind" "rbind" 1#19 "simr_naive" 
"rbind" "rbind" 1#19 "simr_naive" 
"rbind" "rbind" 1#19 "simr_naive" 
"rbind" "rbind" 1#19 "simr_naive" 
"levels" "rbind" "rbind" 1#19 "simr_naive" 
"rbind" "rbind" 1#19 "simr_naive" 
"rbind" "rbind" 1#19 "simr_naive" 
"rbind" "rbind" 1#19 "simr_naive" 
"rbind" "rbind" 1#19 "simr_naive" 
"anyDuplicated.default" "anyDuplicated" "rbind" "rbind" 1#19 "simr_naive" 
"vapply" "rbind" "rbind" 1#19 "simr_naive" 
"rbind" "rbind" 1#19 "simr_naive" 
"rbind" "rbind" 1#19 "simr_naive" 
"rbind" "rbind" 1#19 "simr_naive" 
"rbind" "rbind" 1#19 "simr_naive" 
"rbind" "rbind" 1#19 "simr_naive" 
"rbind" "rbind" 1#19 "simr_naive" 
"rbind" "rbind" 1#19 "simr_naive" 
"rbind" "rbind" 1#19 "simr_naive" 
"rbind" "rbind" 1#19 "simr_naive" 
"rbind" "rbind" 1#19 "simr_naive" 
"rbind" "rbind" 1#19 "simr_naive" 
"is.data.frame" "FUN" "vapply" "rbind" "rbind" 1#19 "simr_naive" 
"anyDuplicated.default" "anyDuplicated" "rbind" "rbind" 1#19 "simr_naive" 
"rbind" "rbind" 1#19 "simr_naive" 
"rbind" "rbind" 1#19 "simr_naive" 
"rbind" "rbind" 1#19 "simr_naive" 
"rbind" "rbind" 1#19 "simr_naive" 
"rbind" "rbind" 1#19 "simr_naive" 
"rbind" "rbind" 1#19 "simr_naive" 
"rbind" "rbind" 1#19 "simr_naive" 
1#15 "simr_naive" 
"rbind" "rbind" 1#19 "simr_naive" 
"rbind" "rbind" 1#19 "simr_naive" 
"rbind" "rbind" 1#19 "simr_naive" 
"rbind" "rbind" 1#19 "simr_naive" 
"rbind" "rbind" 1#19 "simr_naive" 
"rbind" "rbind" 1#19 "simr_naive" 
"unlist" "rbind" "rbind" 1#19 "simr_naive" 
"levels" "rbind" "rbind" 1#19 "simr_naive" 
"rbind" "rbind" 1#19 "simr_naive" 
"rbind" "rbind" 1#19 "simr_naive" 
