sample.interval=20000
"readLines" "readOutput" 
"strsplit" "FUN" "lapply" "sapply" "readOutput" 
"gsub" "rev" "FUN" "lapply" "sapply" "readOutput" 
"strsplit" "FUN" "lapply" "sapply" "readOutput" 
"strsplit" "FUN" "lapply" "sapply" "readOutput" 
"gsub" "rev" "FUN" "lapply" "sapply" "readOutput" 
"source" ".xR" 
"strsplit" "FUN" "lapply" "sapply" "readOutput" "PlotExcDens" 
"strsplit" "FUN" "lapply" "sapply" "readOutput" "PlotExcDens" 
"rev" "FUN" "lapply" "sapply" "readOutput" "PlotExcDens" 
"grep" "FUN" "lapply" "sapply" "readLineDensity" "PlotExcDens" 
"strsplit" "FUN" "lapply" "sapply" "readOutput" 
"gsub" "rev" "FUN" "lapply" "sapply" "readOutput" 
"gsub" "FUN" "lapply" "sapply" "readLineDensity" 
"grep" "FUN" "lapply" "sapply" "readLineDensity" 
"gsub" "FUN" "lapply" "sapply" "eval" "eval" "withVisible" "source" ".xR" 
"FUN" "lapply" "sapply" "unique" "eval" "eval" "withVisible" "source" ".xR" 
"ls" "apropos" "normalCompletions" ".completeToken" 
"ls" "apropos" "normalCompletions" ".completeToken" 
"FUN" "lapply" "sapply" "readLineDensity" 
"FUN" "lapply" "sapply" "readLineDensity" 
"unique.default" "FUN" "lapply" "sapply" "unlist" "table" "readLineDensity" 
"gsub" "FUN" "lapply" "sapply" "readLineDensity" 
"grep" "FUN" "lapply" "sapply" "readLineDensity" 
"unique.default" "FUN" "lapply" "sapply" "unlist" "table" "readLineDensity" 
"strsplit" "FUN" "lapply" "sapply" "readOutput" "PlotExcDens" 
"gsub" "rev" "FUN" "lapply" "sapply" "readOutput" "PlotExcDens" 
"gsub" "FUN" "lapply" "sapply" "readLineDensity" "PlotExcDens" 
"FUN" "lapply" "sapply" "unique" "readLineDensity" "PlotExcDens" 
"<Anonymous>" "layout" "PlotExcDens" 
"text.default" "text" "PlotExcDens" 
"source" ".xR" 
"strsplit" "FUN" "lapply" "sapply" "readOutput" "PlotExcDens" 
"strsplit" "FUN" "lapply" "sapply" "readOutput" "PlotExcDens" 
"gsub" "rev" "FUN" "lapply" "sapply" "readOutput" "PlotExcDens" 
"gsub" "FUN" "lapply" "sapply" "readLineDensity" "PlotExcDens" 
"unique.default" "FUN" "lapply" "sapply" "unlist" "table" "readLineDensity" "PlotExcDens" 
"text.default" "text" "PlotSourceCode" "PlotExcDens" 
"polygon" "PlotExcDens" 
"readRDS" "index.search" "help" "eval" "eval" "?" 
":::" ".registerS3method" "registerS3methods" "loadNamespace" "doTryCatch" "tryCatchOne" "tryCatchList" "tryCatch" "getNamespace" "asNamespace" "getExportedValue" "::" "print.help_files_with_topic" "print" 
"sapply" "RdTags" "writeCodeBlock" "writeSection" "<Anonymous>" "print.help_files_with_topic" "print" 
"rev.default" "rev" "FUN" "lapply" "sapply" "readOutput" "PlotExcDens" 
"lapply" "unlist" "unique" "simplify2array" "sapply" "readOutput" "PlotExcDens" 
"FUN" "lapply" "sapply" "readLineDensity" "PlotExcDens" 
"gsub" "FUN" "lapply" "sapply" "PlotSourceCode" "PlotExcDens" 
"rev" "FUN" "lapply" "sapply" "readOutput" "PlotExcDens" 
"lapply" "unlist" "unique" "simplify2array" "sapply" "readOutput" "PlotExcDens" 
"FUN" "lapply" "sapply" "readLineDensity" "PlotExcDens" 
"text.default" "text" "PlotSourceCode" "PlotExcDens" 
"lapply" "sapply" "readOutput" "PlotExcDens" 
"strsplit" "FUN" "lapply" "sapply" "readOutput" "PlotExcDens" 
"rev" "FUN" "lapply" "sapply" "readOutput" "PlotExcDens" 
"gsub" "FUN" "lapply" "sapply" "readLineDensity" "PlotExcDens" 
"unique.default" "FUN" "lapply" "sapply" "unlist" "table" "readLineDensity" "PlotExcDens" 
"strsplit" "FUN" "lapply" "sapply" "readOutput" "PlotExcDens" 
"rev" "FUN" "lapply" "sapply" "readOutput" "PlotExcDens" 
"gsub" "FUN" "lapply" "sapply" "readLineDensity" "PlotExcDens" 
"grep" "FUN" "lapply" "sapply" "readLineDensity" "PlotExcDens" 
"exists" "getHook" "plot.new" "plot.default" "plot" "PlotExcDens" 
"title" "localTitle" "plot.default" "plot" "PlotExcDens" 
"readLines" "readOutput" "PlotExcDens" 
"strsplit" "FUN" "lapply" "sapply" "readOutput" "PlotExcDens" 
"unlist" "simplify2array" "sapply" "readOutput" "PlotExcDens" 
"unlist" "simplify2array" "sapply" "readOutput" "PlotExcDens" 
"gsub" "rev" "FUN" "lapply" "sapply" "readOutput" "PlotExcDens" 
"grep" "FUN" "lapply" "sapply" "readLineDensity" "PlotExcDens" 
"segments" "PlotExcDens" 